W: Cannot check Release signature; keyring file not available /usr/share/keyrings/debian-archive-keyring.gpg
I: Retrieving InRelease 
I: Retrieving Packages 
I: Validating Packages 
I: Resolving dependencies of required packages...
I: Resolving dependencies of base packages...
I: Checking component main on http://deb.debian.org/debian...
I: Retrieving libacl1
I: Validating libacl1
I: Retrieving adduser
I: Validating adduser
I: Retrieving libapparmor1
I: Validating libapparmor1
I: Retrieving apt
I: Validating apt
I: Retrieving apt-utils
I: Validating apt-utils
I: Retrieving libapt-pkg6.0
I: Validating libapt-pkg6.0
I: Retrieving libargon2-1
I: Validating libargon2-1
I: Retrieving libattr1
I: Validating libattr1
I: Retrieving libaudit-common
I: Validating libaudit-common
I: Retrieving libaudit1
I: Validating libaudit1
I: Retrieving base-files
I: Validating base-files
I: Retrieving base-passwd
I: Validating base-passwd
I: Retrieving bash
I: Validating bash
I: Retrieving libdns-export1110
I: Validating libdns-export1110
I: Retrieving libisc-export1105
I: Validating libisc-export1105
I: Retrieving libbz2-1.0
I: Validating libbz2-1.0
I: Retrieving libdebconfclient0
I: Validating libdebconfclient0
I: Retrieving coreutils
I: Validating coreutils
I: Retrieving cpio
I: Validating cpio
I: Retrieving cron
I: Validating cron
I: Retrieving libcryptsetup12
I: Validating libcryptsetup12
I: Retrieving dash
I: Validating dash
I: Retrieving libdb5.3
I: Validating libdb5.3
I: Retrieving debconf
I: Validating debconf
I: Retrieving debconf-i18n
I: Validating debconf-i18n
I: Retrieving debian-archive-keyring
I: Validating debian-archive-keyring
I: Retrieving debianutils
I: Validating debianutils
I: Retrieving diffutils
I: Validating diffutils
I: Retrieving dmidecode
I: Validating dmidecode
I: Retrieving dpkg
I: Validating dpkg
I: Retrieving e2fsprogs
I: Validating e2fsprogs
I: Retrieving libcom-err2
I: Validating libcom-err2
I: Retrieving libext2fs2
I: Validating libext2fs2
I: Retrieving libss2
I: Validating libss2
I: Retrieving logsave
I: Validating logsave
I: Retrieving libelf1
I: Validating libelf1
I: Retrieving findutils
I: Validating findutils
I: Retrieving gcc-10-base
I: Validating gcc-10-base
I: Retrieving libgcc-s1
I: Validating libgcc-s1
I: Retrieving libstdc++6
I: Validating libstdc++6
I: Retrieving gcc-9-base
I: Validating gcc-9-base
I: Retrieving libc-bin
I: Validating libc-bin
I: Retrieving libc6
I: Validating libc6
I: Retrieving libgmp10
I: Validating libgmp10
I: Retrieving gpgv
I: Validating gpgv
I: Retrieving libgnutls30
I: Validating libgnutls30
I: Retrieving grep
I: Validating grep
I: Retrieving gzip
I: Validating gzip
I: Retrieving hostname
I: Validating hostname
I: Retrieving ifupdown
I: Validating ifupdown
I: Retrieving init
I: Validating init
I: Retrieving init-system-helpers
I: Validating init-system-helpers
I: Retrieving iproute2
I: Validating iproute2
I: Retrieving libip4tc2
I: Validating libip4tc2
I: Retrieving libxtables12
I: Validating libxtables12
I: Retrieving iputils-ping
I: Validating iputils-ping
I: Retrieving isc-dhcp-client
I: Validating isc-dhcp-client
I: Retrieving isc-dhcp-common
I: Validating isc-dhcp-common
I: Retrieving libjansson4
I: Validating libjansson4
I: Retrieving libjson-c5
I: Validating libjson-c5
I: Retrieving libkeyutils1
I: Validating libkeyutils1
I: Retrieving kmod
I: Validating kmod
I: Retrieving libkmod2
I: Validating libkmod2
I: Retrieving libgssapi-krb5-2
I: Validating libgssapi-krb5-2
I: Retrieving libk5crypto3
I: Validating libk5crypto3
I: Retrieving libkrb5-3
I: Validating libkrb5-3
I: Retrieving libkrb5support0
I: Validating libkrb5support0
I: Retrieving less
I: Validating less
I: Retrieving libbpf0
I: Validating libbpf0
I: Retrieving libbsd0
I: Validating libbsd0
I: Retrieving libcap-ng0
I: Validating libcap-ng0
I: Retrieving libcap2
I: Validating libcap2
I: Retrieving libcap2-bin
I: Validating libcap2-bin
I: Retrieving libedit2
I: Validating libedit2
I: Retrieving libestr0
I: Validating libestr0
I: Retrieving libfastjson4
I: Validating libfastjson4
I: Retrieving libffi7
I: Validating libffi7
I: Retrieving libgcrypt20
I: Validating libgcrypt20
I: Retrieving libgpg-error0
I: Validating libgpg-error0
I: Retrieving libidn2-0
I: Validating libidn2-0
I: Retrieving liblocale-gettext-perl
I: Validating liblocale-gettext-perl
I: Retrieving liblognorm5
I: Validating liblognorm5
I: Retrieving libmd0
I: Validating libmd0
I: Retrieving libmnl0
I: Validating libmnl0
I: Retrieving libnftnl11
I: Validating libnftnl11
I: Retrieving libnsl2
I: Validating libnsl2
I: Retrieving libseccomp2
I: Validating libseccomp2
I: Retrieving libselinux1
I: Validating libselinux1
I: Retrieving libsemanage-common
I: Validating libsemanage-common
I: Retrieving libsemanage1
I: Validating libsemanage1
I: Retrieving libsepol1
I: Validating libsepol1
I: Retrieving libtasn1-6
I: Validating libtasn1-6
I: Retrieving libtext-charwidth-perl
I: Validating libtext-charwidth-perl
I: Retrieving libtext-iconv-perl
I: Validating libtext-iconv-perl
I: Retrieving libtext-wrapi18n-perl
I: Validating libtext-wrapi18n-perl
I: Retrieving libtirpc-common
I: Validating libtirpc-common
I: Retrieving libtirpc3
I: Validating libtirpc3
I: Retrieving libunistring2
I: Validating libunistring2
I: Retrieving libcrypt1
I: Validating libcrypt1
I: Retrieving libzstd1
I: Validating libzstd1
I: Retrieving logrotate
I: Validating logrotate
I: Retrieving lsb-base
I: Validating lsb-base
I: Retrieving dmsetup
I: Validating dmsetup
I: Retrieving libdevmapper1.02.1
I: Validating libdevmapper1.02.1
I: Retrieving liblz4-1
I: Validating liblz4-1
I: Retrieving mawk
I: Validating mawk
I: Retrieving nano
I: Validating nano
I: Retrieving libncurses6
I: Validating libncurses6
I: Retrieving libncursesw6
I: Validating libncursesw6
I: Retrieving libtinfo6
I: Validating libtinfo6
I: Retrieving ncurses-base
I: Validating ncurses-base
I: Retrieving ncurses-bin
I: Validating ncurses-bin
I: Retrieving netbase
I: Validating netbase
I: Retrieving libhogweed6
I: Validating libhogweed6
I: Retrieving libnettle8
I: Validating libnettle8
I: Retrieving libnewt0.52
I: Validating libnewt0.52
I: Retrieving whiptail
I: Validating whiptail
I: Retrieving libnftables1
I: Validating libnftables1
I: Retrieving nftables
I: Validating nftables
I: Retrieving libssl1.1
I: Validating libssl1.1
I: Retrieving libp11-kit0
I: Validating libp11-kit0
I: Retrieving libpam-modules
I: Validating libpam-modules
I: Retrieving libpam-modules-bin
I: Validating libpam-modules-bin
I: Retrieving libpam-runtime
I: Validating libpam-runtime
I: Retrieving libpam0g
I: Validating libpam0g
I: Retrieving libpcre2-8-0
I: Validating libpcre2-8-0
I: Retrieving libpcre3
I: Validating libpcre3
I: Retrieving perl-base
I: Validating perl-base
I: Retrieving libpopt0
I: Validating libpopt0
I: Retrieving libprocps8
I: Validating libprocps8
I: Retrieving procps
I: Validating procps
I: Retrieving libreadline8
I: Validating libreadline8
I: Retrieving readline-common
I: Validating readline-common
I: Retrieving rsyslog
I: Validating rsyslog
I: Retrieving sed
I: Validating sed
I: Retrieving sensible-utils
I: Validating sensible-utils
I: Retrieving login
I: Validating login
I: Retrieving passwd
I: Validating passwd
I: Retrieving libslang2
I: Validating libslang2
I: Retrieving libsystemd0
I: Validating libsystemd0
I: Retrieving libudev1
I: Validating libudev1
I: Retrieving systemd
I: Validating systemd
I: Retrieving systemd-sysv
I: Validating systemd-sysv
I: Retrieving systemd-timesyncd
I: Validating systemd-timesyncd
I: Retrieving udev
I: Validating udev
I: Retrieving sysvinit-utils
I: Validating sysvinit-utils
I: Retrieving tar
I: Validating tar
I: Retrieving tasksel
I: Validating tasksel
I: Retrieving tasksel-data
I: Validating tasksel-data
I: Retrieving tzdata
I: Validating tzdata
I: Retrieving bsdutils
I: Validating bsdutils
I: Retrieving fdisk
I: Validating fdisk
I: Retrieving libblkid1
I: Validating libblkid1
I: Retrieving libfdisk1
I: Validating libfdisk1
I: Retrieving libmount1
I: Validating libmount1
I: Retrieving libsmartcols1
I: Validating libsmartcols1
I: Retrieving libuuid1
I: Validating libuuid1
I: Retrieving mount
I: Validating mount
I: Retrieving util-linux
I: Validating util-linux
I: Retrieving vim-common
I: Validating vim-common
I: Retrieving vim-tiny
I: Validating vim-tiny
I: Retrieving xxd
I: Validating xxd
I: Retrieving libxxhash0
I: Validating libxxhash0
I: Retrieving liblzma5
I: Validating liblzma5
I: Retrieving zlib1g
I: Validating zlib1g
I: Chosen extractor for .deb packages: dpkg-deb
I: Extracting libacl1...
I: Extracting adduser...
I: Extracting apt...
I: Extracting libapt-pkg6.0...
I: Extracting libattr1...
I: Extracting libaudit-common...
I: Extracting libaudit1...
I: Extracting base-files...
I: Extracting base-passwd...
I: Extracting bash...
I: Extracting libbz2-1.0...
I: Extracting libdebconfclient0...
I: Extracting coreutils...
I: Extracting dash...
I: Extracting libdb5.3...
I: Extracting debconf...
I: Extracting debian-archive-keyring...
I: Extracting debianutils...
I: Extracting diffutils...
I: Extracting dpkg...
I: Extracting e2fsprogs...
I: Extracting libcom-err2...
I: Extracting libext2fs2...
I: Extracting libss2...
I: Extracting logsave...
I: Extracting findutils...
I: Extracting gcc-10-base...
I: Extracting libgcc-s1...
I: Extracting libstdc++6...
I: Extracting gcc-9-base...
I: Extracting libc-bin...
I: Extracting libc6...
I: Extracting libgmp10...
I: Extracting gpgv...
I: Extracting libgnutls30...
I: Extracting grep...
I: Extracting gzip...
I: Extracting hostname...
I: Extracting init-system-helpers...
I: Extracting libkeyutils1...
I: Extracting libgssapi-krb5-2...
I: Extracting libk5crypto3...
I: Extracting libkrb5-3...
I: Extracting libkrb5support0...
I: Extracting libcap-ng0...
I: Extracting libffi7...
I: Extracting libgcrypt20...
I: Extracting libgpg-error0...
I: Extracting libidn2-0...
I: Extracting libnsl2...
I: Extracting libseccomp2...
I: Extracting libselinux1...
I: Extracting libsemanage-common...
I: Extracting libsemanage1...
I: Extracting libsepol1...
I: Extracting libtasn1-6...
I: Extracting libtirpc-common...
I: Extracting libtirpc3...
I: Extracting libunistring2...
I: Extracting libcrypt1...
I: Extracting libzstd1...
I: Extracting lsb-base...
I: Extracting liblz4-1...
I: Extracting mawk...
I: Extracting libtinfo6...
I: Extracting ncurses-base...
I: Extracting ncurses-bin...
I: Extracting libhogweed6...
I: Extracting libnettle8...
I: Extracting libssl1.1...
I: Extracting libp11-kit0...
I: Extracting libpam-modules...
I: Extracting libpam-modules-bin...
I: Extracting libpam-runtime...
I: Extracting libpam0g...
I: Extracting libpcre2-8-0...
I: Extracting libpcre3...
I: Extracting perl-base...
I: Extracting sed...
I: Extracting login...
I: Extracting passwd...
I: Extracting libsystemd0...
I: Extracting libudev1...
I: Extracting sysvinit-utils...
I: Extracting tar...
I: Extracting tzdata...
I: Extracting bsdutils...
I: Extracting libblkid1...
I: Extracting libmount1...
I: Extracting libsmartcols1...
I: Extracting libuuid1...
I: Extracting mount...
I: Extracting util-linux...
I: Extracting libxxhash0...
I: Extracting liblzma5...
I: Extracting zlib1g...
I: Installing core packages...
I: Unpacking required packages...
I: Unpacking libacl1:amd64...
I: Unpacking adduser...
I: Unpacking apt...
I: Unpacking libapt-pkg6.0:amd64...
I: Unpacking libattr1:amd64...
I: Unpacking libaudit-common...
I: Unpacking libaudit1:amd64...
I: Unpacking base-files...
I: Unpacking base-passwd...
I: Unpacking bash...
I: Unpacking libbz2-1.0:amd64...
I: Unpacking libdebconfclient0:amd64...
I: Unpacking coreutils...
I: Unpacking dash...
I: Unpacking libdb5.3:amd64...
I: Unpacking debconf...
I: Unpacking debian-archive-keyring...
I: Unpacking debianutils...
I: Unpacking diffutils...
I: Unpacking dpkg...
I: Unpacking e2fsprogs...
I: Unpacking libcom-err2:amd64...
I: Unpacking libext2fs2:amd64...
I: Unpacking libss2:amd64...
I: Unpacking logsave...
I: Unpacking findutils...
I: Unpacking gcc-10-base:amd64...
I: Unpacking libgcc-s1:amd64...
I: Unpacking libstdc++6:amd64...
I: Unpacking gcc-9-base:amd64...
I: Unpacking libc-bin...
I: Unpacking libc6:amd64...
I: Unpacking libgmp10:amd64...
I: Unpacking gpgv...
I: Unpacking libgnutls30:amd64...
I: Unpacking grep...
I: Unpacking gzip...
I: Unpacking hostname...
I: Unpacking init-system-helpers...
I: Unpacking libkeyutils1:amd64...
I: Unpacking libgssapi-krb5-2:amd64...
I: Unpacking libk5crypto3:amd64...
I: Unpacking libkrb5-3:amd64...
I: Unpacking libkrb5support0:amd64...
I: Unpacking libcap-ng0:amd64...
I: Unpacking libffi7:amd64...
I: Unpacking libgcrypt20:amd64...
I: Unpacking libgpg-error0:amd64...
I: Unpacking libidn2-0:amd64...
I: Unpacking libnsl2:amd64...
I: Unpacking libseccomp2:amd64...
I: Unpacking libselinux1:amd64...
I: Unpacking libsemanage-common...
I: Unpacking libsemanage1:amd64...
I: Unpacking libsepol1:amd64...
I: Unpacking libtasn1-6:amd64...
I: Unpacking libtirpc-common...
I: Unpacking libtirpc3:amd64...
I: Unpacking libunistring2:amd64...
I: Unpacking libcrypt1:amd64...
I: Unpacking libzstd1:amd64...
I: Unpacking lsb-base...
I: Unpacking liblz4-1:amd64...
I: Unpacking mawk...
I: Unpacking libtinfo6:amd64...
I: Unpacking ncurses-base...
I: Unpacking ncurses-bin...
I: Unpacking libhogweed6:amd64...
I: Unpacking libnettle8:amd64...
I: Unpacking libssl1.1:amd64...
I: Unpacking libp11-kit0:amd64...
I: Unpacking libpam-modules:amd64...
I: Unpacking libpam-modules-bin...
I: Unpacking libpam-runtime...
I: Unpacking libpam0g:amd64...
I: Unpacking libpcre2-8-0:amd64...
I: Unpacking libpcre3:amd64...
I: Unpacking perl-base...
I: Unpacking sed...
I: Unpacking login...
I: Unpacking passwd...
I: Unpacking libsystemd0:amd64...
I: Unpacking libudev1:amd64...
I: Unpacking sysvinit-utils...
I: Unpacking tar...
I: Unpacking tzdata...
I: Unpacking bsdutils...
I: Unpacking libblkid1:amd64...
I: Unpacking libmount1:amd64...
I: Unpacking libsmartcols1:amd64...
I: Unpacking libuuid1:amd64...
I: Unpacking mount...
I: Unpacking util-linux...
I: Unpacking libxxhash0:amd64...
I: Unpacking liblzma5:amd64...
I: Unpacking zlib1g:amd64...
I: Configuring required packages...
I: Configuring lsb-base...
I: Configuring libtirpc-common...
I: Configuring debian-archive-keyring...
I: Configuring libaudit-common...
I: Configuring libsemanage-common...
I: Configuring gcc-10-base:amd64...
I: Configuring ncurses-base...
I: Configuring gcc-9-base:amd64...
I: Configuring libcrypt1:amd64...
I: Configuring libgcc-s1:amd64...
I: Configuring libc6:amd64...
I: Configuring libudev1:amd64...
I: Configuring libsepol1:amd64...
I: Configuring libxxhash0:amd64...
I: Configuring libattr1:amd64...
I: Configuring sysvinit-utils...
I: Configuring libtasn1-6:amd64...
I: Configuring debianutils...
I: Configuring mawk...
I: Configuring libdebconfclient0:amd64...
I: Configuring base-files...
I: Configuring libbz2-1.0:amd64...
I: Configuring base-passwd...
I: Configuring libdb5.3:amd64...
I: Configuring libblkid1:amd64...
I: Configuring libstdc++6:amd64...
I: Configuring libtinfo6:amd64...
I: Configuring bash...
I: Configuring libzstd1:amd64...
I: Configuring libkeyutils1:amd64...
I: Configuring liblzma5:amd64...
I: Configuring libgpg-error0:amd64...
I: Configuring liblz4-1:amd64...
I: Configuring libc-bin...
I: Configuring ncurses-bin...
I: Configuring libffi7:amd64...
I: Configuring libacl1:amd64...
I: Configuring libunistring2:amd64...
I: Configuring libsmartcols1:amd64...
I: Configuring libgcrypt20:amd64...
I: Configuring zlib1g:amd64...
I: Configuring libidn2-0:amd64...
I: Configuring libcom-err2:amd64...
I: Configuring diffutils...
I: Configuring libseccomp2:amd64...
I: Configuring libsystemd0:amd64...
I: Configuring libkrb5support0:amd64...
I: Configuring hostname...
I: Configuring libpcre3:amd64...
I: Configuring libcap-ng0:amd64...
I: Configuring libext2fs2:amd64...
I: Configuring libnettle8:amd64...
I: Configuring libapt-pkg6.0:amd64...
I: Configuring libgmp10:amd64...
I: Configuring libp11-kit0:amd64...
I: Configuring libaudit1:amd64...
I: Configuring libuuid1:amd64...
I: Configuring libss2:amd64...
I: Configuring libpcre2-8-0:amd64...
I: Configuring libk5crypto3:amd64...
I: Configuring logsave...
I: Configuring gpgv...
I: Configuring libhogweed6:amd64...
I: Configuring bsdutils...
I: Configuring e2fsprogs...
I: Configuring libselinux1:amd64...
I: Configuring libgnutls30:amd64...
I: Configuring sed...
I: Configuring findutils...
I: Configuring libmount1:amd64...
I: Configuring libsemanage1:amd64...
I: Configuring tar...
I: Configuring coreutils...
I: Configuring dpkg...
I: Configuring grep...
I: Configuring perl-base...
I: Configuring init-system-helpers...
I: Configuring gzip...
I: Configuring debconf...
I: Configuring tzdata...
I: Configuring libpam0g:amd64...
I: Configuring dash...
I: Configuring libssl1.1:amd64...
I: Configuring libpam-modules-bin...
I: Configuring libkrb5-3:amd64...
I: Configuring libgssapi-krb5-2:amd64...
I: Configuring libtirpc3:amd64...
I: Configuring libnsl2:amd64...
I: Configuring libpam-modules:amd64...
I: Configuring passwd...
I: Configuring libpam-runtime...
I: Configuring login...
I: Configuring adduser...
I: Configuring apt...
I: Configuring util-linux...
I: Configuring mount...
I: Configuring libc-bin...
I: Unpacking the base system...
I: Unpacking apt-utils...
I: Unpacking libdns-export1110...
I: Unpacking libisc-export1105:amd64...
I: Unpacking cpio...
I: Unpacking cron...
I: Unpacking debconf-i18n...
I: Unpacking dmidecode...
I: Unpacking libelf1:amd64...
I: Unpacking ifupdown...
I: Unpacking init...
I: Unpacking iproute2...
I: Unpacking libxtables12:amd64...
I: Unpacking iputils-ping...
I: Unpacking isc-dhcp-client...
I: Unpacking isc-dhcp-common...
I: Unpacking libjansson4:amd64...
I: Unpacking kmod...
I: Unpacking less...
I: Unpacking libbpf0:amd64...
I: Unpacking libbsd0:amd64...
I: Unpacking libcap2-bin...
I: Unpacking libedit2:amd64...
I: Unpacking libestr0:amd64...
I: Unpacking libfastjson4:amd64...
I: Unpacking liblocale-gettext-perl...
I: Unpacking liblognorm5:amd64...
I: Unpacking libmd0:amd64...
I: Unpacking libmnl0:amd64...
I: Unpacking libnftnl11:amd64...
I: Unpacking libtext-charwidth-perl...
I: Unpacking libtext-iconv-perl...
I: Unpacking libtext-wrapi18n-perl...
I: Unpacking logrotate...
I: Unpacking nano...
I: Unpacking libncurses6:amd64...
I: Unpacking libncursesw6:amd64...
I: Unpacking netbase...
I: Unpacking libnewt0.52:amd64...
I: Unpacking whiptail...
I: Unpacking libnftables1:amd64...
I: Unpacking nftables...
I: Unpacking libpopt0:amd64...
I: Unpacking libprocps8:amd64...
I: Unpacking procps...
I: Unpacking libreadline8:amd64...
I: Unpacking readline-common...
I: Unpacking rsyslog...
I: Unpacking sensible-utils...
I: Unpacking libslang2:amd64...
I: Unpacking udev...
I: Unpacking tasksel...
I: Unpacking tasksel-data...
I: Unpacking fdisk...
I: Unpacking libfdisk1:amd64...
I: Unpacking vim-common...
I: Unpacking vim-tiny...
I: Unpacking xxd...
I: Configuring the base system...
I: Configuring cpio...
I: Configuring libtext-iconv-perl...
I: Configuring libtext-charwidth-perl...
I: Configuring apt-utils...
I: Configuring init...
I: Configuring libestr0:amd64...
I: Configuring libfastjson4:amd64...
I: Configuring less...
I: Configuring kmod...
I: Configuring libtext-wrapi18n-perl...
I: Configuring xxd...
I: Configuring libjansson4:amd64...
I: Configuring libcap2-bin...
I: Configuring libisc-export1105:amd64...
I: Configuring vim-common...
I: Configuring libslang2:amd64...
I: Configuring libncurses6:amd64...
I: Configuring libmnl0:amd64...
I: Configuring udev...
I: Configuring libncursesw6:amd64...
I: Configuring libxtables12:amd64...
I: Configuring libfdisk1:amd64...
I: Configuring liblognorm5:amd64...
I: Configuring nano...
I: Configuring libmd0:amd64...
I: Configuring sensible-utils...
I: Configuring netbase...
I: Configuring isc-dhcp-common...
I: Configuring dmidecode...
I: Configuring libbsd0:amd64...
I: Configuring libelf1:amd64...
I: Configuring iputils-ping...
I: Configuring readline-common...
I: Configuring liblocale-gettext-perl...
I: Configuring libprocps8:amd64...
I: Configuring libpopt0:amd64...
I: Configuring logrotate...
I: Configuring libnewt0.52:amd64...
I: Configuring libedit2:amd64...
I: Configuring libreadline8:amd64...
I: Configuring cron...
I: Configuring rsyslog...
I: Configuring libdns-export1110...
I: Configuring debconf-i18n...
I: Configuring libnftnl11:amd64...
I: Configuring vim-tiny...
I: Configuring fdisk...
I: Configuring whiptail...
I: Configuring procps...
I: Configuring libbpf0:amd64...
I: Configuring libnftables1:amd64...
I: Configuring nftables...
I: Configuring iproute2...
I: Configuring isc-dhcp-client...
I: Configuring ifupdown...
I: Configuring tasksel-data...
I: Configuring tasksel...
I: Configuring libc-bin...
I: Base system installed successfully.
